<?xml version="1.0" encoding="UTF-8"?>
<!-- Generated by org.testng.reporters.JUnitReportReporter -->
<testsuite hostname="DESKTOP-RNQJA28" name="stepDefinitions.TestRunner" tests="1" failures="0" timestamp="16 May 2018 00:54:11 GMT" time="4.887" errors="0">
  <testcase name="feature" time="4.887" classname="stepDefinitions.TestRunner"/>
</testsuite> <!-- stepDefinitions.TestRunner -->
