<?xml version="1.0" encoding="UTF-8"?>
<!-- Generated by org.testng.reporters.JUnitReportReporter -->
<testsuite hostname="DESKTOP-RNQJA28" name="Core.TestRunner" tests="1" failures="0" timestamp="16 May 2018 00:58:36 GMT" time="5.669" errors="0">
  <testcase name="feature" time="5.669" classname="Core.TestRunner"/>
</testsuite> <!-- Core.TestRunner -->
